0 verbose cli /usr/local/bin/node /usr/local/bin/npm
1 info using npm@10.8.2
2 info using node@v20.20.0
3 silly config load:file:/usr/local/lib/node_modules/npm/npmrc
4 silly config load:file:/data/.npmrc
5 silly config load:file:/usr/src/node-red/.npmrc
6 silly config load:file:/usr/local/etc/npmrc
7 verbose title npm remove node-red-contrib-stackhero-influxdb-v2
8 verbose argv "remove" "--no-audit" "--no-update-notifier" "--no-fund" "--save" "node-red-contrib-stackhero-influxdb-v2"
9 verbose logfile logs-max:10 dir:/data/.npm/_logs/2026-03-17T00_47_38_466Z-
10 verbose logfile /data/.npm/_logs/2026-03-17T00_47_38_466Z-debug-0.log
11 silly packumentCache heap:1962934272 maxSize:490733568 maxEntrySize:245366784
12 silly logfile start cleaning logs, removing 12 files
13 silly idealTree buildDeps
14 silly reify mark retired [ '/data/node_modules/influxdb-v2' ]
15 silly reify mark retired [ '/data/node_modules/node-fetch' ]
16 silly reify mark retired [ '/data/node_modules/node-red-contrib-stackhero-influxdb-v2' ]
17 silly reify mark retired [ '/data/node_modules/tr46' ]
18 silly reify mark retired [ '/data/node_modules/webidl-conversions' ]
19 silly reify mark retired [ '/data/node_modules/whatwg-url' ]
20 silly reify moves {
20 silly reify   '/data/node_modules/influxdb-v2': '/data/node_modules/.influxdb-v2-wCisppoz',
20 silly reify   '/data/node_modules/node-fetch': '/data/node_modules/.node-fetch-nWcK4DvS',
20 silly reify   '/data/node_modules/node-red-contrib-stackhero-influxdb-v2': '/data/node_modules/.node-red-contrib-stackhero-influxdb-v2-5TthzyZU',
20 silly reify   '/data/node_modules/tr46': '/data/node_modules/.tr46-nC0Q94ES',
20 silly reify   '/data/node_modules/webidl-conversions': '/data/node_modules/.webidl-conversions-NxZHehm0',
20 silly reify   '/data/node_modules/whatwg-url': '/data/node_modules/.whatwg-url-rpY9wHDS'
20 silly reify }
21 silly logfile done cleaning log files
22 silly REMOVE node_modules/whatwg-url
23 silly REMOVE node_modules/webidl-conversions
24 silly REMOVE node_modules/tr46
25 silly REMOVE node_modules/node-red-contrib-stackhero-influxdb-v2
26 silly REMOVE node_modules/node-fetch
27 silly REMOVE node_modules/influxdb-v2
28 verbose cwd /data
29 verbose os Linux 5.15.167.4-microsoft-standard-WSL2
30 verbose node v20.20.0
31 verbose npm  v10.8.2
32 verbose exit 0
33 info ok
